<?xml version="1.0" encoding="UTF-8"?>
<testsuite xmlns:xsi="http://www.w3.org/2001/XMLSchema-instance" xsi:noNamespaceSchemaLocation="https://maven.apache.org/surefire/maven-surefire-plugin/xsd/surefire-test-report-3.0.xsd" version="3.0" name="TestSuite" time="19.971" tests="1" errors="0" skipped="0" failures="0">
  <properties>
    <property name="java.specification.version" value="18"/>
    <property name="webdriver.chrome.driver" value="C:\Windows\system32\config\systemprofile\.cache\selenium\chromedriver\win64\130.0.6723.116\chromedriver.exe"/>
    <property name="sun.cpu.isalist" value="amd64"/>
    <property name="sun.jnu.encoding" value="Cp1252"/>
    <property name="sun.awt.enableExtraMouseButtons" value="true"/>
    <property name="java.class.path" value="D:\07_11\Optibox\target\test-classes;D:\07_11\Optibox\target\classes;C:\Windows\system32\config\systemprofile\.m2\repository\org\testng\testng\6.9.10\testng-6.9.10.jar;C:\Windows\system32\config\systemprofile\.m2\repository\org\beanshell\bsh\2.0b4\bsh-2.0b4.jar;C:\Windows\system32\config\systemprofile\.m2\repository\org\apache\logging\log4j\log4j-core\2.17.1\log4j-core-2.17.1.jar;C:\Windows\system32\config\systemprofile\.m2\repository\org\apache\logging\log4j\log4j-api\2.17.1\log4j-api-2.17.1.jar;C:\Windows\system32\config\systemprofile\.m2\repository\commons-io\commons-io\2.11.0\commons-io-2.11.0.jar;C:\Windows\system32\config\systemprofile\.m2\repository\org\ghost4j\ghost4j\1.0.1\ghost4j-1.0.1.jar;C:\Windows\system32\config\systemprofile\.m2\repository\log4j\log4j\1.2.17\log4j-1.2.17.jar;C:\Windows\system32\config\systemprofile\.m2\repository\commons-beanutils\commons-beanutils\1.9.2\commons-beanutils-1.9.2.jar;C:\Windows\system32\config\systemprofile\.m2\repository\commons-collections\commons-collections\3.2.1\commons-collections-3.2.1.jar;C:\Windows\system32\config\systemprofile\.m2\repository\org\apache\xmlgraphics\xmlgraphics-commons\1.4\xmlgraphics-commons-1.4.jar;C:\Windows\system32\config\systemprofile\.m2\repository\com\lowagie\itext\2.1.7\itext-2.1.7.jar;C:\Windows\system32\config\systemprofile\.m2\repository\com\github\jai-imageio\jai-imageio-core\1.3.0\jai-imageio-core-1.3.0.jar;C:\Windows\system32\config\systemprofile\.m2\repository\net\java\dev\jna\jna\5.9.0\jna-5.9.0.jar;C:\Windows\system32\config\systemprofile\.m2\repository\net\sourceforge\lept4j\lept4j\1.6.1\lept4j-1.6.1.jar;C:\Windows\system32\config\systemprofile\.m2\repository\net\sourceforge\tess4j\tess4j\3.4.1\tess4j-3.4.1.jar;C:\Windows\system32\config\systemprofile\.m2\repository\org\jboss\jboss-vfs\3.2.12.Final\jboss-vfs-3.2.12.Final.jar;C:\Windows\system32\config\systemprofile\.m2\repository\org\jboss\logging\jboss-logging\3.1.4.GA\jboss-logging-3.1.4.GA.jar;C:\Windows\system32\config\systemprofile\.m2\repository\ch\qos\logback\logback-classic\1.2.3\logback-classic-1.2.3.jar;C:\Windows\system32\config\systemprofile\.m2\repository\ch\qos\logback\logback-core\1.2.3\logback-core-1.2.3.jar;C:\Windows\system32\config\systemprofile\.m2\repository\org\slf4j\jul-to-slf4j\1.7.25\jul-to-slf4j-1.7.25.jar;C:\Windows\system32\config\systemprofile\.m2\repository\org\slf4j\jcl-over-slf4j\1.7.25\jcl-over-slf4j-1.7.25.jar;C:\Windows\system32\config\systemprofile\.m2\repository\org\slf4j\log4j-over-slf4j\1.7.25\log4j-over-slf4j-1.7.25.jar;C:\Windows\system32\config\systemprofile\.m2\repository\javax\servlet\javax.servlet-api\4.0.0-b07\javax.servlet-api-4.0.0-b07.jar;C:\Windows\system32\config\systemprofile\.m2\repository\com\beust\jcommander\1.72\jcommander-1.72.jar;C:\Windows\system32\config\systemprofile\.m2\repository\org\seleniumhq\selenium\selenium-java\3.10.0\selenium-java-3.10.0.jar;C:\Windows\system32\config\systemprofile\.m2\repository\org\seleniumhq\selenium\selenium-api\3.10.0\selenium-api-3.10.0.jar;C:\Windows\system32\config\systemprofile\.m2\repository\org\seleniumhq\selenium\selenium-edge-driver\3.10.0\selenium-edge-driver-3.10.0.jar;C:\Windows\system32\config\systemprofile\.m2\repository\org\seleniumhq\selenium\selenium-opera-driver\3.10.0\selenium-opera-driver-3.10.0.jar;C:\Windows\system32\config\systemprofile\.m2\repository\org\seleniumhq\selenium\selenium-remote-driver\3.10.0\selenium-remote-driver-3.10.0.jar;C:\Windows\system32\config\systemprofile\.m2\repository\org\seleniumhq\selenium\selenium-safari-driver\3.10.0\selenium-safari-driver-3.10.0.jar;C:\Windows\system32\config\systemprofile\.m2\repository\org\seleniumhq\selenium\selenium-support\3.10.0\selenium-support-3.10.0.jar;C:\Windows\system32\config\systemprofile\.m2\repository\net\bytebuddy\byte-buddy\1.7.9\byte-buddy-1.7.9.jar;C:\Windows\system32\config\systemprofile\.m2\repository\org\apache\commons\commons-exec\1.3\commons-exec-1.3.jar;C:\Windows\system32\config\systemprofile\.m2\repository\commons-codec\commons-codec\1.10\commons-codec-1.10.jar;C:\Windows\system32\config\systemprofile\.m2\repository\commons-logging\commons-logging\1.2\commons-logging-1.2.jar;C:\Windows\system32\config\systemprofile\.m2\repository\com\google\code\gson\gson\2.8.2\gson-2.8.2.jar;C:\Windows\system32\config\systemprofile\.m2\repository\com\google\guava\guava\23.6-jre\guava-23.6-jre.jar;C:\Windows\system32\config\systemprofile\.m2\repository\com\google\code\findbugs\jsr305\1.3.9\jsr305-1.3.9.jar;C:\Windows\system32\config\systemprofile\.m2\repository\org\checkerframework\checker-compat-qual\2.0.0\checker-compat-qual-2.0.0.jar;C:\Windows\system32\config\systemprofile\.m2\repository\com\google\errorprone\error_prone_annotations\2.1.3\error_prone_annotations-2.1.3.jar;C:\Windows\system32\config\systemprofile\.m2\repository\com\google\j2objc\j2objc-annotations\1.1\j2objc-annotations-1.1.jar;C:\Windows\system32\config\systemprofile\.m2\repository\org\codehaus\mojo\animal-sniffer-annotations\1.14\animal-sniffer-annotations-1.14.jar;C:\Windows\system32\config\systemprofile\.m2\repository\org\apache\httpcomponents\httpcore\4.4.6\httpcore-4.4.6.jar;C:\Windows\system32\config\systemprofile\.m2\repository\com\squareup\okhttp3\okhttp\3.9.1\okhttp-3.9.1.jar;C:\Windows\system32\config\systemprofile\.m2\repository\com\squareup\okio\okio\1.13.0\okio-1.13.0.jar;C:\Windows\system32\config\systemprofile\.m2\repository\xml-apis\xml-apis\1.4.01\xml-apis-1.4.01.jar;C:\Windows\system32\config\systemprofile\.m2\repository\jfree\jfreechart\1.0.13\jfreechart-1.0.13.jar;C:\Windows\system32\config\systemprofile\.m2\repository\jfree\jcommon\1.0.16\jcommon-1.0.16.jar;C:\Windows\system32\config\systemprofile\.m2\repository\org\seleniumhq\selenium\selenium-server\3.10.0\selenium-server-3.10.0.jar;C:\Windows\system32\config\systemprofile\.m2\repository\org\apache\commons\commons-lang3\3.7\commons-lang3-3.7.jar;C:\Windows\system32\config\systemprofile\.m2\repository\org\apache\commons\commons-text\1.1\commons-text-1.1.jar;C:\Windows\system32\config\systemprofile\.m2\repository\commons-net\commons-net\3.6\commons-net-3.6.jar;C:\Windows\system32\config\systemprofile\.m2\repository\org\w3c\css\sac\1.3\sac-1.3.jar;C:\Windows\system32\config\systemprofile\.m2\repository\net\sourceforge\cssparser\cssparser\0.9.24\cssparser-0.9.24.jar;C:\Windows\system32\config\systemprofile\.m2\repository\net\sourceforge\htmlunit\htmlunit\2.29\htmlunit-2.29.jar;C:\Windows\system32\config\systemprofile\.m2\repository\net\sourceforge\htmlunit\htmlunit-core-js\2.28\htmlunit-core-js-2.28.jar;C:\Windows\system32\config\systemprofile\.m2\repository\net\sourceforge\htmlunit\neko-htmlunit\2.28\neko-htmlunit-2.28.jar;C:\Windows\system32\config\systemprofile\.m2\repository\org\apache\httpcomponents\httpmime\4.5.3\httpmime-4.5.3.jar;C:\Windows\system32\config\systemprofile\.m2\repository\net\jcip\jcip-annotations\1.0\jcip-annotations-1.0.jar;C:\Windows\system32\config\systemprofile\.m2\repository\org\seleniumhq\selenium\jetty-repacked\9.4.7.v20171121\jetty-repacked-9.4.7.v20171121.jar;C:\Windows\system32\config\systemprofile\.m2\repository\org\eclipse\jetty\jetty-client\9.4.7.v20170914\jetty-client-9.4.7.v20170914.jar;C:\Windows\system32\config\systemprofile\.m2\repository\org\eclipse\jetty\jetty-http\9.4.8.v20171121\jetty-http-9.4.8.v20171121.jar;C:\Windows\system32\config\systemprofile\.m2\repository\org\eclipse\jetty\jetty-io\9.4.8.v20171121\jetty-io-9.4.8.v20171121.jar;C:\Windows\system32\config\systemprofile\.m2\repository\org\eclipse\jetty\jetty-util\9.4.8.v20171121\jetty-util-9.4.8.v20171121.jar;C:\Windows\system32\config\systemprofile\.m2\repository\org\eclipse\jetty\jetty-xml\9.4.7.v20170914\jetty-xml-9.4.7.v20170914.jar;C:\Windows\system32\config\systemprofile\.m2\repository\org\seleniumhq\selenium\htmlunit-driver\2.29.0\htmlunit-driver-2.29.0.jar;C:\Windows\system32\config\systemprofile\.m2\repository\org\eclipse\jetty\websocket\websocket-api\9.4.7.v20170914\websocket-api-9.4.7.v20170914.jar;C:\Windows\system32\config\systemprofile\.m2\repository\org\eclipse\jetty\websocket\websocket-client\9.4.7.v20170914\websocket-client-9.4.7.v20170914.jar;C:\Windows\system32\config\systemprofile\.m2\repository\org\eclipse\jetty\websocket\websocket-common\9.4.7.v20170914\websocket-common-9.4.7.v20170914.jar;C:\Windows\system32\config\systemprofile\.m2\repository\xalan\serializer\2.7.2\serializer-2.7.2.jar;C:\Windows\system32\config\systemprofile\.m2\repository\xalan\xalan\2.7.2\xalan-2.7.2.jar;C:\Windows\system32\config\systemprofile\.m2\repository\xerces\xercesImpl\2.11.0\xercesImpl-2.11.0.jar;C:\Windows\system32\config\systemprofile\.m2\repository\org\yaml\snakeyaml\1.19\snakeyaml-1.19.jar;C:\Windows\system32\config\systemprofile\.m2\repository\junit\junit\4.11\junit-4.11.jar;C:\Windows\system32\config\systemprofile\.m2\repository\org\hamcrest\hamcrest-core\1.3\hamcrest-core-1.3.jar;C:\Windows\system32\config\systemprofile\.m2\repository\org\seleniumhq\selenium\selenium-firefox-driver\3.10.0\selenium-firefox-driver-3.10.0.jar;C:\Windows\system32\config\systemprofile\.m2\repository\org\seleniumhq\selenium\selenium-chrome-driver\3.10.0\selenium-chrome-driver-3.10.0.jar;C:\Windows\system32\config\systemprofile\.m2\repository\org\seleniumhq\selenium\selenium-ie-driver\3.10.0\selenium-ie-driver-3.10.0.jar;C:\Windows\system32\config\systemprofile\.m2\repository\org\apache\poi\poi-ooxml\5.2.3\poi-ooxml-5.2.3.jar;C:\Windows\system32\config\systemprofile\.m2\repository\org\apache\poi\poi-ooxml-lite\5.2.3\poi-ooxml-lite-5.2.3.jar;C:\Windows\system32\config\systemprofile\.m2\repository\org\apache\xmlbeans\xmlbeans\5.1.1\xmlbeans-5.1.1.jar;C:\Windows\system32\config\systemprofile\.m2\repository\com\github\virtuald\curvesapi\1.07\curvesapi-1.07.jar;C:\Windows\system32\config\systemprofile\.m2\repository\org\apache\commons\commons-collections4\4.4\commons-collections4-4.4.jar;C:\Windows\system32\config\systemprofile\.m2\repository\org\apache\poi\poi\5.2.3\poi-5.2.3.jar;C:\Windows\system32\config\systemprofile\.m2\repository\org\apache\commons\commons-math3\3.6.1\commons-math3-3.6.1.jar;C:\Windows\system32\config\systemprofile\.m2\repository\com\zaxxer\SparseBitSet\1.2\SparseBitSet-1.2.jar;C:\Windows\system32\config\systemprofile\.m2\repository\org\slf4j\slf4j-api\1.7.25\slf4j-api-1.7.25.jar;C:\Windows\system32\config\systemprofile\.m2\repository\org\json\json\20090211\json-20090211.jar;C:\Windows\system32\config\systemprofile\.m2\repository\org\apache\httpcomponents\httpclient\4.5.2\httpclient-4.5.2.jar;C:\Windows\system32\config\systemprofile\.m2\repository\org\freemarker\freemarker\2.3.32\freemarker-2.3.32.jar;C:\Windows\system32\config\systemprofile\.m2\repository\org\bytedeco\javacpp-presets\tesseract\3.03-rc1-0.11\tesseract-3.03-rc1-0.11.jar;C:\Windows\system32\config\systemprofile\.m2\repository\org\bytedeco\javacpp-presets\leptonica\1.71-0.11\leptonica-1.71-0.11.jar;C:\Windows\system32\config\systemprofile\.m2\repository\org\bytedeco\javacpp-presets\leptonica\1.71-0.11\leptonica-1.71-0.11-windows-x86_64.jar;C:\Windows\system32\config\systemprofile\.m2\repository\org\bytedeco\javacpp\0.11\javacpp-0.11.jar;C:\Windows\system32\config\systemprofile\.m2\repository\org\bytedeco\javacpp-presets\tesseract\3.03-rc1-0.11\tesseract-3.03-rc1-0.11-windows-x86_64.jar;C:\Windows\system32\config\systemprofile\.m2\repository\com\jayway\restassured\rest-assured\2.9.0\rest-assured-2.9.0.jar;C:\Windows\system32\config\systemprofile\.m2\repository\org\codehaus\groovy\groovy\2.4.4\groovy-2.4.4.jar;C:\Windows\system32\config\systemprofile\.m2\repository\org\codehaus\groovy\groovy-xml\2.4.4\groovy-xml-2.4.4.jar;C:\Windows\system32\config\systemprofile\.m2\repository\org\hamcrest\hamcrest-library\1.3\hamcrest-library-1.3.jar;C:\Windows\system32\config\systemprofile\.m2\repository\org\ccil\cowan\tagsoup\tagsoup\1.2.1\tagsoup-1.2.1.jar;C:\Windows\system32\config\systemprofile\.m2\repository\com\jayway\restassured\json-path\2.9.0\json-path-2.9.0.jar;C:\Windows\system32\config\systemprofile\.m2\repository\com\jayway\restassured\rest-assured-common\2.9.0\rest-assured-common-2.9.0.jar;C:\Windows\system32\config\systemprofile\.m2\repository\com\jayway\restassured\xml-path\2.9.0\xml-path-2.9.0.jar;C:\Windows\system32\config\systemprofile\.m2\repository\javax\xml\bind\jaxb-api\2.3.0\jaxb-api-2.3.0.jar;C:\Windows\system32\config\systemprofile\.m2\repository\com\applitools\eyes-selenium-java5\5.39.0\eyes-selenium-java5-5.39.0.jar;C:\Windows\system32\config\systemprofile\.m2\repository\com\applitools\eyes-common-java5\5.39.0\eyes-common-java5-5.39.0.jar;C:\Windows\system32\config\systemprofile\.m2\repository\org\imgscalr\imgscalr-lib\4.2\imgscalr-lib-4.2.jar;C:\Windows\system32\config\systemprofile\.m2\repository\com\fasterxml\jackson\core\jackson-databind\2.13.3\jackson-databind-2.13.3.jar;C:\Windows\system32\config\systemprofile\.m2\repository\com\fasterxml\jackson\core\jackson-annotations\2.13.3\jackson-annotations-2.13.3.jar;C:\Windows\system32\config\systemprofile\.m2\repository\com\fasterxml\jackson\core\jackson-core\2.13.3\jackson-core-2.13.3.jar;C:\Windows\system32\config\systemprofile\.m2\repository\org\jsoup\jsoup\1.8.3\jsoup-1.8.3.jar;C:\Windows\system32\config\systemprofile\.m2\repository\com\applitools\eyes-selenium-common-java5\5.39.0\eyes-selenium-common-java5-5.39.0.jar;C:\Windows\system32\config\systemprofile\.m2\repository\com\applitools\eyes-sdk-core-java5\5.39.0\eyes-sdk-core-java5-5.39.0.jar;C:\Windows\system32\config\systemprofile\.m2\repository\com\applitools\eyes-ufg-java5\5.39.0\eyes-ufg-java5-5.39.0.jar;C:\Windows\system32\config\systemprofile\.m2\repository\com\applitools\eyes-connectivity-java5\5.39.0\eyes-connectivity-java5-5.39.0.jar;C:\Windows\system32\config\systemprofile\.m2\repository\com\applitools\eyes-connectivity-java5-jersey2x\5.39.0\eyes-connectivity-java5-jersey2x-5.39.0.jar;C:\Windows\system32\config\systemprofile\.m2\repository\org\glassfish\jersey\connectors\jersey-apache-connector\2.29\jersey-apache-connector-2.29.jar;C:\Windows\system32\config\systemprofile\.m2\repository\org\glassfish\jersey\core\jersey-common\2.29\jersey-common-2.29.jar;C:\Windows\system32\config\systemprofile\.m2\repository\jakarta\annotation\jakarta.annotation-api\1.3.4\jakarta.annotation-api-1.3.4.jar;C:\Windows\system32\config\systemprofile\.m2\repository\org\glassfish\hk2\osgi-resource-locator\1.0.3\osgi-resource-locator-1.0.3.jar;C:\Windows\system32\config\systemprofile\.m2\repository\jakarta\ws\rs\jakarta.ws.rs-api\2.1.5\jakarta.ws.rs-api-2.1.5.jar;C:\Windows\system32\config\systemprofile\.m2\repository\org\glassfish\jersey\core\jersey-client\2.29\jersey-client-2.29.jar;C:\Windows\system32\config\systemprofile\.m2\repository\org\glassfish\hk2\external\jakarta.inject\2.5.0\jakarta.inject-2.5.0.jar;C:\Windows\system32\config\systemprofile\.m2\repository\org\glassfish\jersey\inject\jersey-hk2\2.29\jersey-hk2-2.29.jar;C:\Windows\system32\config\systemprofile\.m2\repository\org\glassfish\hk2\hk2-locator\2.5.0\hk2-locator-2.5.0.jar;C:\Windows\system32\config\systemprofile\.m2\repository\org\glassfish\hk2\external\aopalliance-repackaged\2.5.0\aopalliance-repackaged-2.5.0.jar;C:\Windows\system32\config\systemprofile\.m2\repository\org\glassfish\hk2\hk2-api\2.5.0\hk2-api-2.5.0.jar;C:\Windows\system32\config\systemprofile\.m2\repository\org\glassfish\hk2\hk2-utils\2.5.0\hk2-utils-2.5.0.jar;C:\Windows\system32\config\systemprofile\.m2\repository\javax\websocket\javax.websocket-client-api\1.1\javax.websocket-client-api-1.1.jar;C:\Windows\system32\config\systemprofile\.m2\repository\org\asynchttpclient\async-http-client\2.12.3\async-http-client-2.12.3.jar;C:\Windows\system32\config\systemprofile\.m2\repository\org\asynchttpclient\async-http-client-netty-utils\2.12.3\async-http-client-netty-utils-2.12.3.jar;C:\Windows\system32\config\systemprofile\.m2\repository\io\netty\netty-codec-http\4.1.60.Final\netty-codec-http-4.1.60.Final.jar;C:\Windows\system32\config\systemprofile\.m2\repository\io\netty\netty-codec-socks\4.1.60.Final\netty-codec-socks-4.1.60.Final.jar;C:\Windows\system32\config\systemprofile\.m2\repository\io\netty\netty-handler-proxy\4.1.60.Final\netty-handler-proxy-4.1.60.Final.jar;C:\Windows\system32\config\systemprofile\.m2\repository\io\netty\netty-transport-native-epoll\4.1.60.Final\netty-transport-native-epoll-4.1.60.Final-linux-x86_64.jar;C:\Windows\system32\config\systemprofile\.m2\repository\io\netty\netty-transport-native-unix-common\4.1.60.Final\netty-transport-native-unix-common-4.1.60.Final.jar;C:\Windows\system32\config\systemprofile\.m2\repository\io\netty\netty-transport-native-kqueue\4.1.60.Final\netty-transport-native-kqueue-4.1.60.Final-osx-x86_64.jar;C:\Windows\system32\config\systemprofile\.m2\repository\com\typesafe\netty\netty-reactive-streams\2.0.4\netty-reactive-streams-2.0.4.jar;C:\Windows\system32\config\systemprofile\.m2\repository\com\sun\activation\jakarta.activation\1.2.2\jakarta.activation-1.2.2.jar;C:\Windows\system32\config\systemprofile\.m2\repository\com\applitools\eyes-universal-core\5.39.0\eyes-universal-core-5.39.0.jar;C:\Windows\system32\config\systemprofile\.m2\repository\com\helger\ph-css\6.1.1\ph-css-6.1.1.jar;C:\Windows\system32\config\systemprofile\.m2\repository\com\helger\ph-commons\9.0.2\ph-commons-9.0.2.jar;C:\Windows\system32\config\systemprofile\.m2\repository\io\github\bonigarcia\webdrivermanager\5.6.3\webdrivermanager-5.6.3.jar;C:\Windows\system32\config\systemprofile\.m2\repository\com\github\docker-java\docker-java\3.3.4\docker-java-3.3.4.jar;C:\Windows\system32\config\systemprofile\.m2\repository\com\github\docker-java\docker-java-core\3.3.4\docker-java-core-3.3.4.jar;C:\Windows\system32\config\systemprofile\.m2\repository\com\github\docker-java\docker-java-api\3.3.4\docker-java-api-3.3.4.jar;C:\Windows\system32\config\systemprofile\.m2\repository\org\bouncycastle\bcpkix-jdk18on\1.76\bcpkix-jdk18on-1.76.jar;C:\Windows\system32\config\systemprofile\.m2\repository\org\bouncycastle\bcprov-jdk18on\1.76\bcprov-jdk18on-1.76.jar;C:\Windows\system32\config\systemprofile\.m2\repository\org\bouncycastle\bcutil-jdk18on\1.76\bcutil-jdk18on-1.76.jar;C:\Windows\system32\config\systemprofile\.m2\repository\com\github\docker-java\docker-java-transport-httpclient5\3.3.4\docker-java-transport-httpclient5-3.3.4.jar;C:\Windows\system32\config\systemprofile\.m2\repository\com\github\docker-java\docker-java-transport\3.3.4\docker-java-transport-3.3.4.jar;C:\Windows\system32\config\systemprofile\.m2\repository\org\brotli\dec\0.1.2\dec-0.1.2.jar;C:\Windows\system32\config\systemprofile\.m2\repository\org\apache\httpcomponents\client5\httpclient5\5.2.1\httpclient5-5.2.1.jar;C:\Windows\system32\config\systemprofile\.m2\repository\org\apache\httpcomponents\core5\httpcore5\5.2\httpcore5-5.2.jar;C:\Windows\system32\config\systemprofile\.m2\repository\org\apache\httpcomponents\core5\httpcore5-h2\5.2\httpcore5-h2-5.2.jar;C:\Windows\system32\config\systemprofile\.m2\repository\org\zeroturnaround\zt-zip\1.16\zt-zip-1.16.jar;C:\Windows\system32\config\systemprofile\.m2\repository\javax\mail\mail\1.4\mail-1.4.jar;C:\Windows\system32\config\systemprofile\.m2\repository\com\sun\mail\javax.mail\1.6.2\javax.mail-1.6.2.jar;C:\Windows\system32\config\systemprofile\.m2\repository\io\rest-assured\json-path\4.2.0\json-path-4.2.0.jar;C:\Windows\system32\config\systemprofile\.m2\repository\org\codehaus\groovy\groovy-json\2.5.8\groovy-json-2.5.8.jar;C:\Windows\system32\config\systemprofile\.m2\repository\io\rest-assured\rest-assured-common\4.2.0\rest-assured-common-4.2.0.jar;C:\Windows\system32\config\systemprofile\.m2\repository\io\rest-assured\xml-path\4.2.0\xml-path-4.2.0.jar;C:\Windows\system32\config\systemprofile\.m2\repository\jakarta\xml\bind\jakarta.xml.bind-api\2.3.2\jakarta.xml.bind-api-2.3.2.jar;C:\Windows\system32\config\systemprofile\.m2\repository\com\sun\xml\bind\jaxb-osgi\2.3.0.1\jaxb-osgi-2.3.0.1.jar;C:\Windows\system32\config\systemprofile\.m2\repository\org\apache\sling\org.apache.sling.javax.activation\0.1.0\org.apache.sling.javax.activation-0.1.0.jar;C:\Windows\system32\config\systemprofile\.m2\repository\io\rest-assured\rest-assured-all\4.2.0\rest-assured-all-4.2.0.jar;C:\Windows\system32\config\systemprofile\.m2\repository\jakarta\activation\jakarta.activation-api\1.2.1\jakarta.activation-api-1.2.1.jar;C:\Windows\system32\config\systemprofile\.m2\repository\io\rest-assured\json-schema-validator\4.2.0\json-schema-validator-4.2.0.jar;C:\Windows\system32\config\systemprofile\.m2\repository\com\github\java-json-tools\json-schema-validator\2.2.10\json-schema-validator-2.2.10.jar;C:\Windows\system32\config\systemprofile\.m2\repository\com\github\java-json-tools\json-schema-core\1.2.10\json-schema-core-1.2.10.jar;C:\Windows\system32\config\systemprofile\.m2\repository\com\github\java-json-tools\jackson-coreutils\1.9\jackson-coreutils-1.9.jar;C:\Windows\system32\config\systemprofile\.m2\repository\com\github\fge\msg-simple\1.1\msg-simple-1.1.jar;C:\Windows\system32\config\systemprofile\.m2\repository\com\github\fge\btf\1.2\btf-1.2.jar;C:\Windows\system32\config\systemprofile\.m2\repository\com\github\fge\uri-template\0.9\uri-template-0.9.jar;C:\Windows\system32\config\systemprofile\.m2\repository\org\mozilla\rhino\1.7.7.1\rhino-1.7.7.1.jar;C:\Windows\system32\config\systemprofile\.m2\repository\javax\mail\mailapi\1.4.3\mailapi-1.4.3.jar;C:\Windows\system32\config\systemprofile\.m2\repository\joda-time\joda-time\2.9.7\joda-time-2.9.7.jar;C:\Windows\system32\config\systemprofile\.m2\repository\com\googlecode\libphonenumber\libphonenumber\8.0.0\libphonenumber-8.0.0.jar;C:\Windows\system32\config\systemprofile\.m2\repository\net\sf\jopt-simple\jopt-simple\5.0.3\jopt-simple-5.0.3.jar;C:\Windows\system32\config\systemprofile\.m2\repository\org\hamcrest\hamcrest\2.1\hamcrest-2.1.jar;C:\Windows\system32\config\systemprofile\.m2\repository\org\postgresql\postgresql\42.5.3\postgresql-42.5.3.jar;C:\Windows\system32\config\systemprofile\.m2\repository\org\checkerframework\checker-qual\3.5.0\checker-qual-3.5.0.jar;C:\Windows\system32\config\systemprofile\.m2\repository\ru\yandex\qatools\ashot\ashot\1.5.4\ashot-1.5.4.jar;C:\Windows\system32\config\systemprofile\.m2\repository\org\apache\pdfbox\pdfbox\2.0.27\pdfbox-2.0.27.jar;C:\Windows\system32\config\systemprofile\.m2\repository\org\apache\pdfbox\fontbox\2.0.27\fontbox-2.0.27.jar;C:\Windows\system32\config\systemprofile\.m2\repository\com\aventstack\extentreports\5.1.1\extentreports-5.1.1.jar;C:\Windows\system32\config\systemprofile\.m2\repository\io\reactivex\rxjava3\rxjava\3.1.6\rxjava-3.1.6.jar;C:\Windows\system32\config\systemprofile\.m2\repository\org\reactivestreams\reactive-streams\1.0.4\reactive-streams-1.0.4.jar;C:\Windows\system32\config\systemprofile\.m2\repository\org\projectlombok\lombok\1.18.26\lombok-1.18.26.jar;C:\Windows\system32\config\systemprofile\.m2\repository\org\mongodb\bson\4.11.1\bson-4.11.1.jar;C:\Windows\system32\config\systemprofile\.m2\repository\com\codoid\products\fillo\1.21\fillo-1.21.jar;C:\Windows\system32\config\systemprofile\.m2\repository\org\apache\commons\commons-compress\1.21\commons-compress-1.21.jar;C:\Windows\system32\config\systemprofile\.m2\repository\net\lingala\zip4j\zip4j\2.9.0\zip4j-2.9.0.jar;C:\Windows\system32\config\systemprofile\.m2\repository\net\java\dev\jna\jna-platform\5.9.0\jna-platform-5.9.0.jar;C:\Windows\system32\config\systemprofile\.m2\repository\com\sikulix\sikulixapi\2.0.5\sikulixapi-2.0.5.jar;C:\Windows\system32\config\systemprofile\.m2\repository\org\python\jython-slim\2.7.2\jython-slim-2.7.2.jar;C:\Windows\system32\config\systemprofile\.m2\repository\org\antlr\antlr\3.5.2\antlr-3.5.2.jar;C:\Windows\system32\config\systemprofile\.m2\repository\org\antlr\ST4\4.0.8\ST4-4.0.8.jar;C:\Windows\system32\config\systemprofile\.m2\repository\org\antlr\antlr-runtime\3.5.2\antlr-runtime-3.5.2.jar;C:\Windows\system32\config\systemprofile\.m2\repository\org\bouncycastle\bcpkix-jdk15on\1.62\bcpkix-jdk15on-1.62.jar;C:\Windows\system32\config\systemprofile\.m2\repository\org\bouncycastle\bcprov-jdk15on\1.62\bcprov-jdk15on-1.62.jar;C:\Windows\system32\config\systemprofile\.m2\repository\org\ow2\asm\asm\7.1\asm-7.1.jar;C:\Windows\system32\config\systemprofile\.m2\repository\org\ow2\asm\asm-commons\7.1\asm-commons-7.1.jar;C:\Windows\system32\config\systemprofile\.m2\repository\org\ow2\asm\asm-tree\7.1\asm-tree-7.1.jar;C:\Windows\system32\config\systemprofile\.m2\repository\org\ow2\asm\asm-analysis\7.1\asm-analysis-7.1.jar;C:\Windows\system32\config\systemprofile\.m2\repository\org\ow2\asm\asm-util\7.1\asm-util-7.1.jar;C:\Windows\system32\config\systemprofile\.m2\repository\com\google\guava\failureaccess\1.0.1\failureaccess-1.0.1.jar;C:\Windows\system32\config\systemprofile\.m2\repository\com\ibm\icu\icu4j\59.1\icu4j-59.1.jar;C:\Windows\system32\config\systemprofile\.m2\repository\com\carrotsearch\java-sizeof\0.0.5\java-sizeof-0.0.5.jar;C:\Windows\system32\config\systemprofile\.m2\repository\com\github\jnr\jffi\1.2.20\jffi-1.2.20.jar;C:\Windows\system32\config\systemprofile\.m2\repository\com\github\jnr\jnr-netdb\1.1.6\jnr-netdb-1.1.6.jar;C:\Windows\system32\config\systemprofile\.m2\repository\com\github\jnr\jnr-ffi\2.1.10\jnr-ffi-2.1.10.jar;C:\Windows\system32\config\systemprofile\.m2\repository\com\github\jnr\jffi\1.2.19\jffi-1.2.19-native.jar;C:\Windows\system32\config\systemprofile\.m2\repository\com\github\jnr\jnr-a64asm\1.0.0\jnr-a64asm-1.0.0.jar;C:\Windows\system32\config\systemprofile\.m2\repository\com\github\jnr\jnr-x86asm\1.0.2\jnr-x86asm-1.0.2.jar;C:\Windows\system32\config\systemprofile\.m2\repository\com\github\jnr\jnr-posix\3.0.50\jnr-posix-3.0.50.jar;C:\Windows\system32\config\systemprofile\.m2\repository\com\github\jnr\jnr-constants\0.9.12\jnr-constants-0.9.12.jar;C:\Windows\system32\config\systemprofile\.m2\repository\jline\jline\2.14.5\jline-2.14.5.jar;C:\Windows\system32\config\systemprofile\.m2\repository\io\netty\netty-buffer\4.1.45.Final\netty-buffer-4.1.45.Final.jar;C:\Windows\system32\config\systemprofile\.m2\repository\io\netty\netty-codec\4.1.45.Final\netty-codec-4.1.45.Final.jar;C:\Windows\system32\config\systemprofile\.m2\repository\io\netty\netty-common\4.1.45.Final\netty-common-4.1.45.Final.jar;C:\Windows\system32\config\systemprofile\.m2\repository\io\netty\netty-handler\4.1.45.Final\netty-handler-4.1.45.Final.jar;C:\Windows\system32\config\systemprofile\.m2\repository\io\netty\netty-resolver\4.1.45.Final\netty-resolver-4.1.45.Final.jar;C:\Windows\system32\config\systemprofile\.m2\repository\io\netty\netty-transport\4.1.45.Final\netty-transport-4.1.45.Final.jar;C:\Windows\system32\config\systemprofile\.m2\repository\org\apache\ant\ant\1.9.7\ant-1.9.7.jar;C:\Windows\system32\config\systemprofile\.m2\repository\org\apache\ant\ant-launcher\1.9.7\ant-launcher-1.9.7.jar;C:\Windows\system32\config\systemprofile\.m2\repository\com\sikulix\sikulix2tigervnc\1.1.4\sikulix2tigervnc-1.1.4.jar;C:\Windows\system32\config\systemprofile\.m2\repository\org\openpnp\opencv\4.3.0-3\opencv-4.3.0-3.jar;C:\Windows\system32\config\systemprofile\.m2\repository\commons-cli\commons-cli\1.4\commons-cli-1.4.jar;C:\Windows\system32\config\systemprofile\.m2\repository\net\oneandone\reflections8\reflections8\0.11.6\reflections8-0.11.6.jar;C:\Windows\system32\config\systemprofile\.m2\repository\org\javassist\javassist\3.22.0-GA\javassist-3.22.0-GA.jar;C:\Windows\system32\config\systemprofile\.m2\repository\org\slf4j\slf4j-nop\1.7.28\slf4j-nop-1.7.28.jar;C:\Windows\system32\config\systemprofile\.m2\repository\net\sf\py4j\py4j\0.10.9.1\py4j-0.10.9.1.jar;C:\Windows\system32\config\systemprofile\.m2\repository\com\opencsv\opencsv\5.5.2\opencsv-5.5.2.jar;C:\Windows\system32\config\systemprofile\.m2\repository\javax\activation\activation\1.1.1\activation-1.1.1.jar;"/>
    <property name="java.vm.vendor" value="Oracle Corporation"/>
    <property name="sun.arch.data.model" value="64"/>
    <property name="user.variant" value=""/>
    <property name="java.vendor.url" value="https://java.oracle.com/"/>
    <property name="user.timezone" value="Asia/Calcutta"/>
    <property name="os.name" value="Windows 10"/>
    <property name="java.vm.specification.version" value="18"/>
    <property name="sun.java.launcher" value="SUN_STANDARD"/>
    <property name="user.country" value="IN"/>
    <property name="sun.boot.library.path" value="C:\Program Files\Java\jdk-18.0.1\bin"/>
    <property name="sun.java.command" value="C:\Windows\Temp\surefire6843774420801424267\surefirebooter-20241112132856186_3.jar C:\Windows\Temp\surefire6843774420801424267 2024-11-12T13-28-56_069-jvmRun1 surefire-20241112132856186_1tmp surefire_0-20241112132856186_2tmp"/>
    <property name="jdk.debug" value="release"/>
    <property name="surefire.test.class.path" value="D:\07_11\Optibox\target\test-classes;D:\07_11\Optibox\target\classes;C:\Windows\system32\config\systemprofile\.m2\repository\org\testng\testng\6.9.10\testng-6.9.10.jar;C:\Windows\system32\config\systemprofile\.m2\repository\org\beanshell\bsh\2.0b4\bsh-2.0b4.jar;C:\Windows\system32\config\systemprofile\.m2\repository\org\apache\logging\log4j\log4j-core\2.17.1\log4j-core-2.17.1.jar;C:\Windows\system32\config\systemprofile\.m2\repository\org\apache\logging\log4j\log4j-api\2.17.1\log4j-api-2.17.1.jar;C:\Windows\system32\config\systemprofile\.m2\repository\commons-io\commons-io\2.11.0\commons-io-2.11.0.jar;C:\Windows\system32\config\systemprofile\.m2\repository\org\ghost4j\ghost4j\1.0.1\ghost4j-1.0.1.jar;C:\Windows\system32\config\systemprofile\.m2\repository\log4j\log4j\1.2.17\log4j-1.2.17.jar;C:\Windows\system32\config\systemprofile\.m2\repository\commons-beanutils\commons-beanutils\1.9.2\commons-beanutils-1.9.2.jar;C:\Windows\system32\config\systemprofile\.m2\repository\commons-collections\commons-collections\3.2.1\commons-collections-3.2.1.jar;C:\Windows\system32\config\systemprofile\.m2\repository\org\apache\xmlgraphics\xmlgraphics-commons\1.4\xmlgraphics-commons-1.4.jar;C:\Windows\system32\config\systemprofile\.m2\repository\com\lowagie\itext\2.1.7\itext-2.1.7.jar;C:\Windows\system32\config\systemprofile\.m2\repository\com\github\jai-imageio\jai-imageio-core\1.3.0\jai-imageio-core-1.3.0.jar;C:\Windows\system32\config\systemprofile\.m2\repository\net\java\dev\jna\jna\5.9.0\jna-5.9.0.jar;C:\Windows\system32\config\systemprofile\.m2\repository\net\sourceforge\lept4j\lept4j\1.6.1\lept4j-1.6.1.jar;C:\Windows\system32\config\systemprofile\.m2\repository\net\sourceforge\tess4j\tess4j\3.4.1\tess4j-3.4.1.jar;C:\Windows\system32\config\systemprofile\.m2\repository\org\jboss\jboss-vfs\3.2.12.Final\jboss-vfs-3.2.12.Final.jar;C:\Windows\system32\config\systemprofile\.m2\repository\org\jboss\logging\jboss-logging\3.1.4.GA\jboss-logging-3.1.4.GA.jar;C:\Windows\system32\config\systemprofile\.m2\repository\ch\qos\logback\logback-classic\1.2.3\logback-classic-1.2.3.jar;C:\Windows\system32\config\systemprofile\.m2\repository\ch\qos\logback\logback-core\1.2.3\logback-core-1.2.3.jar;C:\Windows\system32\config\systemprofile\.m2\repository\org\slf4j\jul-to-slf4j\1.7.25\jul-to-slf4j-1.7.25.jar;C:\Windows\system32\config\systemprofile\.m2\repository\org\slf4j\jcl-over-slf4j\1.7.25\jcl-over-slf4j-1.7.25.jar;C:\Windows\system32\config\systemprofile\.m2\repository\org\slf4j\log4j-over-slf4j\1.7.25\log4j-over-slf4j-1.7.25.jar;C:\Windows\system32\config\systemprofile\.m2\repository\javax\servlet\javax.servlet-api\4.0.0-b07\javax.servlet-api-4.0.0-b07.jar;C:\Windows\system32\config\systemprofile\.m2\repository\com\beust\jcommander\1.72\jcommander-1.72.jar;C:\Windows\system32\config\systemprofile\.m2\repository\org\seleniumhq\selenium\selenium-java\3.10.0\selenium-java-3.10.0.jar;C:\Windows\system32\config\systemprofile\.m2\repository\org\seleniumhq\selenium\selenium-api\3.10.0\selenium-api-3.10.0.jar;C:\Windows\system32\config\systemprofile\.m2\repository\org\seleniumhq\selenium\selenium-edge-driver\3.10.0\selenium-edge-driver-3.10.0.jar;C:\Windows\system32\config\systemprofile\.m2\repository\org\seleniumhq\selenium\selenium-opera-driver\3.10.0\selenium-opera-driver-3.10.0.jar;C:\Windows\system32\config\systemprofile\.m2\repository\org\seleniumhq\selenium\selenium-remote-driver\3.10.0\selenium-remote-driver-3.10.0.jar;C:\Windows\system32\config\systemprofile\.m2\repository\org\seleniumhq\selenium\selenium-safari-driver\3.10.0\selenium-safari-driver-3.10.0.jar;C:\Windows\system32\config\systemprofile\.m2\repository\org\seleniumhq\selenium\selenium-support\3.10.0\selenium-support-3.10.0.jar;C:\Windows\system32\config\systemprofile\.m2\repository\net\bytebuddy\byte-buddy\1.7.9\byte-buddy-1.7.9.jar;C:\Windows\system32\config\systemprofile\.m2\repository\org\apache\commons\commons-exec\1.3\commons-exec-1.3.jar;C:\Windows\system32\config\systemprofile\.m2\repository\commons-codec\commons-codec\1.10\commons-codec-1.10.jar;C:\Windows\system32\config\systemprofile\.m2\repository\commons-logging\commons-logging\1.2\commons-logging-1.2.jar;C:\Windows\system32\config\systemprofile\.m2\repository\com\google\code\gson\gson\2.8.2\gson-2.8.2.jar;C:\Windows\system32\config\systemprofile\.m2\repository\com\google\guava\guava\23.6-jre\guava-23.6-jre.jar;C:\Windows\system32\config\systemprofile\.m2\repository\com\google\code\findbugs\jsr305\1.3.9\jsr305-1.3.9.jar;C:\Windows\system32\config\systemprofile\.m2\repository\org\checkerframework\checker-compat-qual\2.0.0\checker-compat-qual-2.0.0.jar;C:\Windows\system32\config\systemprofile\.m2\repository\com\google\errorprone\error_prone_annotations\2.1.3\error_prone_annotations-2.1.3.jar;C:\Windows\system32\config\systemprofile\.m2\repository\com\google\j2objc\j2objc-annotations\1.1\j2objc-annotations-1.1.jar;C:\Windows\system32\config\systemprofile\.m2\repository\org\codehaus\mojo\animal-sniffer-annotations\1.14\animal-sniffer-annotations-1.14.jar;C:\Windows\system32\config\systemprofile\.m2\repository\org\apache\httpcomponents\httpcore\4.4.6\httpcore-4.4.6.jar;C:\Windows\system32\config\systemprofile\.m2\repository\com\squareup\okhttp3\okhttp\3.9.1\okhttp-3.9.1.jar;C:\Windows\system32\config\systemprofile\.m2\repository\com\squareup\okio\okio\1.13.0\okio-1.13.0.jar;C:\Windows\system32\config\systemprofile\.m2\repository\xml-apis\xml-apis\1.4.01\xml-apis-1.4.01.jar;C:\Windows\system32\config\systemprofile\.m2\repository\jfree\jfreechart\1.0.13\jfreechart-1.0.13.jar;C:\Windows\system32\config\systemprofile\.m2\repository\jfree\jcommon\1.0.16\jcommon-1.0.16.jar;C:\Windows\system32\config\systemprofile\.m2\repository\org\seleniumhq\selenium\selenium-server\3.10.0\selenium-server-3.10.0.jar;C:\Windows\system32\config\systemprofile\.m2\repository\org\apache\commons\commons-lang3\3.7\commons-lang3-3.7.jar;C:\Windows\system32\config\systemprofile\.m2\repository\org\apache\commons\commons-text\1.1\commons-text-1.1.jar;C:\Windows\system32\config\systemprofile\.m2\repository\commons-net\commons-net\3.6\commons-net-3.6.jar;C:\Windows\system32\config\systemprofile\.m2\repository\org\w3c\css\sac\1.3\sac-1.3.jar;C:\Windows\system32\config\systemprofile\.m2\repository\net\sourceforge\cssparser\cssparser\0.9.24\cssparser-0.9.24.jar;C:\Windows\system32\config\systemprofile\.m2\repository\net\sourceforge\htmlunit\htmlunit\2.29\htmlunit-2.29.jar;C:\Windows\system32\config\systemprofile\.m2\repository\net\sourceforge\htmlunit\htmlunit-core-js\2.28\htmlunit-core-js-2.28.jar;C:\Windows\system32\config\systemprofile\.m2\repository\net\sourceforge\htmlunit\neko-htmlunit\2.28\neko-htmlunit-2.28.jar;C:\Windows\system32\config\systemprofile\.m2\repository\org\apache\httpcomponents\httpmime\4.5.3\httpmime-4.5.3.jar;C:\Windows\system32\config\systemprofile\.m2\repository\net\jcip\jcip-annotations\1.0\jcip-annotations-1.0.jar;C:\Windows\system32\config\systemprofile\.m2\repository\org\seleniumhq\selenium\jetty-repacked\9.4.7.v20171121\jetty-repacked-9.4.7.v20171121.jar;C:\Windows\system32\config\systemprofile\.m2\repository\org\eclipse\jetty\jetty-client\9.4.7.v20170914\jetty-client-9.4.7.v20170914.jar;C:\Windows\system32\config\systemprofile\.m2\repository\org\eclipse\jetty\jetty-http\9.4.8.v20171121\jetty-http-9.4.8.v20171121.jar;C:\Windows\system32\config\systemprofile\.m2\repository\org\eclipse\jetty\jetty-io\9.4.8.v20171121\jetty-io-9.4.8.v20171121.jar;C:\Windows\system32\config\systemprofile\.m2\repository\org\eclipse\jetty\jetty-util\9.4.8.v20171121\jetty-util-9.4.8.v20171121.jar;C:\Windows\system32\config\systemprofile\.m2\repository\org\eclipse\jetty\jetty-xml\9.4.7.v20170914\jetty-xml-9.4.7.v20170914.jar;C:\Windows\system32\config\systemprofile\.m2\repository\org\seleniumhq\selenium\htmlunit-driver\2.29.0\htmlunit-driver-2.29.0.jar;C:\Windows\system32\config\systemprofile\.m2\repository\org\eclipse\jetty\websocket\websocket-api\9.4.7.v20170914\websocket-api-9.4.7.v20170914.jar;C:\Windows\system32\config\systemprofile\.m2\repository\org\eclipse\jetty\websocket\websocket-client\9.4.7.v20170914\websocket-client-9.4.7.v20170914.jar;C:\Windows\system32\config\systemprofile\.m2\repository\org\eclipse\jetty\websocket\websocket-common\9.4.7.v20170914\websocket-common-9.4.7.v20170914.jar;C:\Windows\system32\config\systemprofile\.m2\repository\xalan\serializer\2.7.2\serializer-2.7.2.jar;C:\Windows\system32\config\systemprofile\.m2\repository\xalan\xalan\2.7.2\xalan-2.7.2.jar;C:\Windows\system32\config\systemprofile\.m2\repository\xerces\xercesImpl\2.11.0\xercesImpl-2.11.0.jar;C:\Windows\system32\config\systemprofile\.m2\repository\org\yaml\snakeyaml\1.19\snakeyaml-1.19.jar;C:\Windows\system32\config\systemprofile\.m2\repository\junit\junit\4.11\junit-4.11.jar;C:\Windows\system32\config\systemprofile\.m2\repository\org\hamcrest\hamcrest-core\1.3\hamcrest-core-1.3.jar;C:\Windows\system32\config\systemprofile\.m2\repository\org\seleniumhq\selenium\selenium-firefox-driver\3.10.0\selenium-firefox-driver-3.10.0.jar;C:\Windows\system32\config\systemprofile\.m2\repository\org\seleniumhq\selenium\selenium-chrome-driver\3.10.0\selenium-chrome-driver-3.10.0.jar;C:\Windows\system32\config\systemprofile\.m2\repository\org\seleniumhq\selenium\selenium-ie-driver\3.10.0\selenium-ie-driver-3.10.0.jar;C:\Windows\system32\config\systemprofile\.m2\repository\org\apache\poi\poi-ooxml\5.2.3\poi-ooxml-5.2.3.jar;C:\Windows\system32\config\systemprofile\.m2\repository\org\apache\poi\poi-ooxml-lite\5.2.3\poi-ooxml-lite-5.2.3.jar;C:\Windows\system32\config\systemprofile\.m2\repository\org\apache\xmlbeans\xmlbeans\5.1.1\xmlbeans-5.1.1.jar;C:\Windows\system32\config\systemprofile\.m2\repository\com\github\virtuald\curvesapi\1.07\curvesapi-1.07.jar;C:\Windows\system32\config\systemprofile\.m2\repository\org\apache\commons\commons-collections4\4.4\commons-collections4-4.4.jar;C:\Windows\system32\config\systemprofile\.m2\repository\org\apache\poi\poi\5.2.3\poi-5.2.3.jar;C:\Windows\system32\config\systemprofile\.m2\repository\org\apache\commons\commons-math3\3.6.1\commons-math3-3.6.1.jar;C:\Windows\system32\config\systemprofile\.m2\repository\com\zaxxer\SparseBitSet\1.2\SparseBitSet-1.2.jar;C:\Windows\system32\config\systemprofile\.m2\repository\org\slf4j\slf4j-api\1.7.25\slf4j-api-1.7.25.jar;C:\Windows\system32\config\systemprofile\.m2\repository\org\json\json\20090211\json-20090211.jar;C:\Windows\system32\config\systemprofile\.m2\repository\org\apache\httpcomponents\httpclient\4.5.2\httpclient-4.5.2.jar;C:\Windows\system32\config\systemprofile\.m2\repository\org\freemarker\freemarker\2.3.32\freemarker-2.3.32.jar;C:\Windows\system32\config\systemprofile\.m2\repository\org\bytedeco\javacpp-presets\tesseract\3.03-rc1-0.11\tesseract-3.03-rc1-0.11.jar;C:\Windows\system32\config\systemprofile\.m2\repository\org\bytedeco\javacpp-presets\leptonica\1.71-0.11\leptonica-1.71-0.11.jar;C:\Windows\system32\config\systemprofile\.m2\repository\org\bytedeco\javacpp-presets\leptonica\1.71-0.11\leptonica-1.71-0.11-windows-x86_64.jar;C:\Windows\system32\config\systemprofile\.m2\repository\org\bytedeco\javacpp\0.11\javacpp-0.11.jar;C:\Windows\system32\config\systemprofile\.m2\repository\org\bytedeco\javacpp-presets\tesseract\3.03-rc1-0.11\tesseract-3.03-rc1-0.11-windows-x86_64.jar;C:\Windows\system32\config\systemprofile\.m2\repository\com\jayway\restassured\rest-assured\2.9.0\rest-assured-2.9.0.jar;C:\Windows\system32\config\systemprofile\.m2\repository\org\codehaus\groovy\groovy\2.4.4\groovy-2.4.4.jar;C:\Windows\system32\config\systemprofile\.m2\repository\org\codehaus\groovy\groovy-xml\2.4.4\groovy-xml-2.4.4.jar;C:\Windows\system32\config\systemprofile\.m2\repository\org\hamcrest\hamcrest-library\1.3\hamcrest-library-1.3.jar;C:\Windows\system32\config\systemprofile\.m2\repository\org\ccil\cowan\tagsoup\tagsoup\1.2.1\tagsoup-1.2.1.jar;C:\Windows\system32\config\systemprofile\.m2\repository\com\jayway\restassured\json-path\2.9.0\json-path-2.9.0.jar;C:\Windows\system32\config\systemprofile\.m2\repository\com\jayway\restassured\rest-assured-common\2.9.0\rest-assured-common-2.9.0.jar;C:\Windows\system32\config\systemprofile\.m2\repository\com\jayway\restassured\xml-path\2.9.0\xml-path-2.9.0.jar;C:\Windows\system32\config\systemprofile\.m2\repository\javax\xml\bind\jaxb-api\2.3.0\jaxb-api-2.3.0.jar;C:\Windows\system32\config\systemprofile\.m2\repository\com\applitools\eyes-selenium-java5\5.39.0\eyes-selenium-java5-5.39.0.jar;C:\Windows\system32\config\systemprofile\.m2\repository\com\applitools\eyes-common-java5\5.39.0\eyes-common-java5-5.39.0.jar;C:\Windows\system32\config\systemprofile\.m2\repository\org\imgscalr\imgscalr-lib\4.2\imgscalr-lib-4.2.jar;C:\Windows\system32\config\systemprofile\.m2\repository\com\fasterxml\jackson\core\jackson-databind\2.13.3\jackson-databind-2.13.3.jar;C:\Windows\system32\config\systemprofile\.m2\repository\com\fasterxml\jackson\core\jackson-annotations\2.13.3\jackson-annotations-2.13.3.jar;C:\Windows\system32\config\systemprofile\.m2\repository\com\fasterxml\jackson\core\jackson-core\2.13.3\jackson-core-2.13.3.jar;C:\Windows\system32\config\systemprofile\.m2\repository\org\jsoup\jsoup\1.8.3\jsoup-1.8.3.jar;C:\Windows\system32\config\systemprofile\.m2\repository\com\applitools\eyes-selenium-common-java5\5.39.0\eyes-selenium-common-java5-5.39.0.jar;C:\Windows\system32\config\systemprofile\.m2\repository\com\applitools\eyes-sdk-core-java5\5.39.0\eyes-sdk-core-java5-5.39.0.jar;C:\Windows\system32\config\systemprofile\.m2\repository\com\applitools\eyes-ufg-java5\5.39.0\eyes-ufg-java5-5.39.0.jar;C:\Windows\system32\config\systemprofile\.m2\repository\com\applitools\eyes-connectivity-java5\5.39.0\eyes-connectivity-java5-5.39.0.jar;C:\Windows\system32\config\systemprofile\.m2\repository\com\applitools\eyes-connectivity-java5-jersey2x\5.39.0\eyes-connectivity-java5-jersey2x-5.39.0.jar;C:\Windows\system32\config\systemprofile\.m2\repository\org\glassfish\jersey\connectors\jersey-apache-connector\2.29\jersey-apache-connector-2.29.jar;C:\Windows\system32\config\systemprofile\.m2\repository\org\glassfish\jersey\core\jersey-common\2.29\jersey-common-2.29.jar;C:\Windows\system32\config\systemprofile\.m2\repository\jakarta\annotation\jakarta.annotation-api\1.3.4\jakarta.annotation-api-1.3.4.jar;C:\Windows\system32\config\systemprofile\.m2\repository\org\glassfish\hk2\osgi-resource-locator\1.0.3\osgi-resource-locator-1.0.3.jar;C:\Windows\system32\config\systemprofile\.m2\repository\jakarta\ws\rs\jakarta.ws.rs-api\2.1.5\jakarta.ws.rs-api-2.1.5.jar;C:\Windows\system32\config\systemprofile\.m2\repository\org\glassfish\jersey\core\jersey-client\2.29\jersey-client-2.29.jar;C:\Windows\system32\config\systemprofile\.m2\repository\org\glassfish\hk2\external\jakarta.inject\2.5.0\jakarta.inject-2.5.0.jar;C:\Windows\system32\config\systemprofile\.m2\repository\org\glassfish\jersey\inject\jersey-hk2\2.29\jersey-hk2-2.29.jar;C:\Windows\system32\config\systemprofile\.m2\repository\org\glassfish\hk2\hk2-locator\2.5.0\hk2-locator-2.5.0.jar;C:\Windows\system32\config\systemprofile\.m2\repository\org\glassfish\hk2\external\aopalliance-repackaged\2.5.0\aopalliance-repackaged-2.5.0.jar;C:\Windows\system32\config\systemprofile\.m2\repository\org\glassfish\hk2\hk2-api\2.5.0\hk2-api-2.5.0.jar;C:\Windows\system32\config\systemprofile\.m2\repository\org\glassfish\hk2\hk2-utils\2.5.0\hk2-utils-2.5.0.jar;C:\Windows\system32\config\systemprofile\.m2\repository\javax\websocket\javax.websocket-client-api\1.1\javax.websocket-client-api-1.1.jar;C:\Windows\system32\config\systemprofile\.m2\repository\org\asynchttpclient\async-http-client\2.12.3\async-http-client-2.12.3.jar;C:\Windows\system32\config\systemprofile\.m2\repository\org\asynchttpclient\async-http-client-netty-utils\2.12.3\async-http-client-netty-utils-2.12.3.jar;C:\Windows\system32\config\systemprofile\.m2\repository\io\netty\netty-codec-http\4.1.60.Final\netty-codec-http-4.1.60.Final.jar;C:\Windows\system32\config\systemprofile\.m2\repository\io\netty\netty-codec-socks\4.1.60.Final\netty-codec-socks-4.1.60.Final.jar;C:\Windows\system32\config\systemprofile\.m2\repository\io\netty\netty-handler-proxy\4.1.60.Final\netty-handler-proxy-4.1.60.Final.jar;C:\Windows\system32\config\systemprofile\.m2\repository\io\netty\netty-transport-native-epoll\4.1.60.Final\netty-transport-native-epoll-4.1.60.Final-linux-x86_64.jar;C:\Windows\system32\config\systemprofile\.m2\repository\io\netty\netty-transport-native-unix-common\4.1.60.Final\netty-transport-native-unix-common-4.1.60.Final.jar;C:\Windows\system32\config\systemprofile\.m2\repository\io\netty\netty-transport-native-kqueue\4.1.60.Final\netty-transport-native-kqueue-4.1.60.Final-osx-x86_64.jar;C:\Windows\system32\config\systemprofile\.m2\repository\com\typesafe\netty\netty-reactive-streams\2.0.4\netty-reactive-streams-2.0.4.jar;C:\Windows\system32\config\systemprofile\.m2\repository\com\sun\activation\jakarta.activation\1.2.2\jakarta.activation-1.2.2.jar;C:\Windows\system32\config\systemprofile\.m2\repository\com\applitools\eyes-universal-core\5.39.0\eyes-universal-core-5.39.0.jar;C:\Windows\system32\config\systemprofile\.m2\repository\com\helger\ph-css\6.1.1\ph-css-6.1.1.jar;C:\Windows\system32\config\systemprofile\.m2\repository\com\helger\ph-commons\9.0.2\ph-commons-9.0.2.jar;C:\Windows\system32\config\systemprofile\.m2\repository\io\github\bonigarcia\webdrivermanager\5.6.3\webdrivermanager-5.6.3.jar;C:\Windows\system32\config\systemprofile\.m2\repository\com\github\docker-java\docker-java\3.3.4\docker-java-3.3.4.jar;C:\Windows\system32\config\systemprofile\.m2\repository\com\github\docker-java\docker-java-core\3.3.4\docker-java-core-3.3.4.jar;C:\Windows\system32\config\systemprofile\.m2\repository\com\github\docker-java\docker-java-api\3.3.4\docker-java-api-3.3.4.jar;C:\Windows\system32\config\systemprofile\.m2\repository\org\bouncycastle\bcpkix-jdk18on\1.76\bcpkix-jdk18on-1.76.jar;C:\Windows\system32\config\systemprofile\.m2\repository\org\bouncycastle\bcprov-jdk18on\1.76\bcprov-jdk18on-1.76.jar;C:\Windows\system32\config\systemprofile\.m2\repository\org\bouncycastle\bcutil-jdk18on\1.76\bcutil-jdk18on-1.76.jar;C:\Windows\system32\config\systemprofile\.m2\repository\com\github\docker-java\docker-java-transport-httpclient5\3.3.4\docker-java-transport-httpclient5-3.3.4.jar;C:\Windows\system32\config\systemprofile\.m2\repository\com\github\docker-java\docker-java-transport\3.3.4\docker-java-transport-3.3.4.jar;C:\Windows\system32\config\systemprofile\.m2\repository\org\brotli\dec\0.1.2\dec-0.1.2.jar;C:\Windows\system32\config\systemprofile\.m2\repository\org\apache\httpcomponents\client5\httpclient5\5.2.1\httpclient5-5.2.1.jar;C:\Windows\system32\config\systemprofile\.m2\repository\org\apache\httpcomponents\core5\httpcore5\5.2\httpcore5-5.2.jar;C:\Windows\system32\config\systemprofile\.m2\repository\org\apache\httpcomponents\core5\httpcore5-h2\5.2\httpcore5-h2-5.2.jar;C:\Windows\system32\config\systemprofile\.m2\repository\org\zeroturnaround\zt-zip\1.16\zt-zip-1.16.jar;C:\Windows\system32\config\systemprofile\.m2\repository\javax\mail\mail\1.4\mail-1.4.jar;C:\Windows\system32\config\systemprofile\.m2\repository\com\sun\mail\javax.mail\1.6.2\javax.mail-1.6.2.jar;C:\Windows\system32\config\systemprofile\.m2\repository\io\rest-assured\json-path\4.2.0\json-path-4.2.0.jar;C:\Windows\system32\config\systemprofile\.m2\repository\org\codehaus\groovy\groovy-json\2.5.8\groovy-json-2.5.8.jar;C:\Windows\system32\config\systemprofile\.m2\repository\io\rest-assured\rest-assured-common\4.2.0\rest-assured-common-4.2.0.jar;C:\Windows\system32\config\systemprofile\.m2\repository\io\rest-assured\xml-path\4.2.0\xml-path-4.2.0.jar;C:\Windows\system32\config\systemprofile\.m2\repository\jakarta\xml\bind\jakarta.xml.bind-api\2.3.2\jakarta.xml.bind-api-2.3.2.jar;C:\Windows\system32\config\systemprofile\.m2\repository\com\sun\xml\bind\jaxb-osgi\2.3.0.1\jaxb-osgi-2.3.0.1.jar;C:\Windows\system32\config\systemprofile\.m2\repository\org\apache\sling\org.apache.sling.javax.activation\0.1.0\org.apache.sling.javax.activation-0.1.0.jar;C:\Windows\system32\config\systemprofile\.m2\repository\io\rest-assured\rest-assured-all\4.2.0\rest-assured-all-4.2.0.jar;C:\Windows\system32\config\systemprofile\.m2\repository\jakarta\activation\jakarta.activation-api\1.2.1\jakarta.activation-api-1.2.1.jar;C:\Windows\system32\config\systemprofile\.m2\repository\io\rest-assured\json-schema-validator\4.2.0\json-schema-validator-4.2.0.jar;C:\Windows\system32\config\systemprofile\.m2\repository\com\github\java-json-tools\json-schema-validator\2.2.10\json-schema-validator-2.2.10.jar;C:\Windows\system32\config\systemprofile\.m2\repository\com\github\java-json-tools\json-schema-core\1.2.10\json-schema-core-1.2.10.jar;C:\Windows\system32\config\systemprofile\.m2\repository\com\github\java-json-tools\jackson-coreutils\1.9\jackson-coreutils-1.9.jar;C:\Windows\system32\config\systemprofile\.m2\repository\com\github\fge\msg-simple\1.1\msg-simple-1.1.jar;C:\Windows\system32\config\systemprofile\.m2\repository\com\github\fge\btf\1.2\btf-1.2.jar;C:\Windows\system32\config\systemprofile\.m2\repository\com\github\fge\uri-template\0.9\uri-template-0.9.jar;C:\Windows\system32\config\systemprofile\.m2\repository\org\mozilla\rhino\1.7.7.1\rhino-1.7.7.1.jar;C:\Windows\system32\config\systemprofile\.m2\repository\javax\mail\mailapi\1.4.3\mailapi-1.4.3.jar;C:\Windows\system32\config\systemprofile\.m2\repository\joda-time\joda-time\2.9.7\joda-time-2.9.7.jar;C:\Windows\system32\config\systemprofile\.m2\repository\com\googlecode\libphonenumber\libphonenumber\8.0.0\libphonenumber-8.0.0.jar;C:\Windows\system32\config\systemprofile\.m2\repository\net\sf\jopt-simple\jopt-simple\5.0.3\jopt-simple-5.0.3.jar;C:\Windows\system32\config\systemprofile\.m2\repository\org\hamcrest\hamcrest\2.1\hamcrest-2.1.jar;C:\Windows\system32\config\systemprofile\.m2\repository\org\postgresql\postgresql\42.5.3\postgresql-42.5.3.jar;C:\Windows\system32\config\systemprofile\.m2\repository\org\checkerframework\checker-qual\3.5.0\checker-qual-3.5.0.jar;C:\Windows\system32\config\systemprofile\.m2\repository\ru\yandex\qatools\ashot\ashot\1.5.4\ashot-1.5.4.jar;C:\Windows\system32\config\systemprofile\.m2\repository\org\apache\pdfbox\pdfbox\2.0.27\pdfbox-2.0.27.jar;C:\Windows\system32\config\systemprofile\.m2\repository\org\apache\pdfbox\fontbox\2.0.27\fontbox-2.0.27.jar;C:\Windows\system32\config\systemprofile\.m2\repository\com\aventstack\extentreports\5.1.1\extentreports-5.1.1.jar;C:\Windows\system32\config\systemprofile\.m2\repository\io\reactivex\rxjava3\rxjava\3.1.6\rxjava-3.1.6.jar;C:\Windows\system32\config\systemprofile\.m2\repository\org\reactivestreams\reactive-streams\1.0.4\reactive-streams-1.0.4.jar;C:\Windows\system32\config\systemprofile\.m2\repository\org\projectlombok\lombok\1.18.26\lombok-1.18.26.jar;C:\Windows\system32\config\systemprofile\.m2\repository\org\mongodb\bson\4.11.1\bson-4.11.1.jar;C:\Windows\system32\config\systemprofile\.m2\repository\com\codoid\products\fillo\1.21\fillo-1.21.jar;C:\Windows\system32\config\systemprofile\.m2\repository\org\apache\commons\commons-compress\1.21\commons-compress-1.21.jar;C:\Windows\system32\config\systemprofile\.m2\repository\net\lingala\zip4j\zip4j\2.9.0\zip4j-2.9.0.jar;C:\Windows\system32\config\systemprofile\.m2\repository\net\java\dev\jna\jna-platform\5.9.0\jna-platform-5.9.0.jar;C:\Windows\system32\config\systemprofile\.m2\repository\com\sikulix\sikulixapi\2.0.5\sikulixapi-2.0.5.jar;C:\Windows\system32\config\systemprofile\.m2\repository\org\python\jython-slim\2.7.2\jython-slim-2.7.2.jar;C:\Windows\system32\config\systemprofile\.m2\repository\org\antlr\antlr\3.5.2\antlr-3.5.2.jar;C:\Windows\system32\config\systemprofile\.m2\repository\org\antlr\ST4\4.0.8\ST4-4.0.8.jar;C:\Windows\system32\config\systemprofile\.m2\repository\org\antlr\antlr-runtime\3.5.2\antlr-runtime-3.5.2.jar;C:\Windows\system32\config\systemprofile\.m2\repository\org\bouncycastle\bcpkix-jdk15on\1.62\bcpkix-jdk15on-1.62.jar;C:\Windows\system32\config\systemprofile\.m2\repository\org\bouncycastle\bcprov-jdk15on\1.62\bcprov-jdk15on-1.62.jar;C:\Windows\system32\config\systemprofile\.m2\repository\org\ow2\asm\asm\7.1\asm-7.1.jar;C:\Windows\system32\config\systemprofile\.m2\repository\org\ow2\asm\asm-commons\7.1\asm-commons-7.1.jar;C:\Windows\system32\config\systemprofile\.m2\repository\org\ow2\asm\asm-tree\7.1\asm-tree-7.1.jar;C:\Windows\system32\config\systemprofile\.m2\repository\org\ow2\asm\asm-analysis\7.1\asm-analysis-7.1.jar;C:\Windows\system32\config\systemprofile\.m2\repository\org\ow2\asm\asm-util\7.1\asm-util-7.1.jar;C:\Windows\system32\config\systemprofile\.m2\repository\com\google\guava\failureaccess\1.0.1\failureaccess-1.0.1.jar;C:\Windows\system32\config\systemprofile\.m2\repository\com\ibm\icu\icu4j\59.1\icu4j-59.1.jar;C:\Windows\system32\config\systemprofile\.m2\repository\com\carrotsearch\java-sizeof\0.0.5\java-sizeof-0.0.5.jar;C:\Windows\system32\config\systemprofile\.m2\repository\com\github\jnr\jffi\1.2.20\jffi-1.2.20.jar;C:\Windows\system32\config\systemprofile\.m2\repository\com\github\jnr\jnr-netdb\1.1.6\jnr-netdb-1.1.6.jar;C:\Windows\system32\config\systemprofile\.m2\repository\com\github\jnr\jnr-ffi\2.1.10\jnr-ffi-2.1.10.jar;C:\Windows\system32\config\systemprofile\.m2\repository\com\github\jnr\jffi\1.2.19\jffi-1.2.19-native.jar;C:\Windows\system32\config\systemprofile\.m2\repository\com\github\jnr\jnr-a64asm\1.0.0\jnr-a64asm-1.0.0.jar;C:\Windows\system32\config\systemprofile\.m2\repository\com\github\jnr\jnr-x86asm\1.0.2\jnr-x86asm-1.0.2.jar;C:\Windows\system32\config\systemprofile\.m2\repository\com\github\jnr\jnr-posix\3.0.50\jnr-posix-3.0.50.jar;C:\Windows\system32\config\systemprofile\.m2\repository\com\github\jnr\jnr-constants\0.9.12\jnr-constants-0.9.12.jar;C:\Windows\system32\config\systemprofile\.m2\repository\jline\jline\2.14.5\jline-2.14.5.jar;C:\Windows\system32\config\systemprofile\.m2\repository\io\netty\netty-buffer\4.1.45.Final\netty-buffer-4.1.45.Final.jar;C:\Windows\system32\config\systemprofile\.m2\repository\io\netty\netty-codec\4.1.45.Final\netty-codec-4.1.45.Final.jar;C:\Windows\system32\config\systemprofile\.m2\repository\io\netty\netty-common\4.1.45.Final\netty-common-4.1.45.Final.jar;C:\Windows\system32\config\systemprofile\.m2\repository\io\netty\netty-handler\4.1.45.Final\netty-handler-4.1.45.Final.jar;C:\Windows\system32\config\systemprofile\.m2\repository\io\netty\netty-resolver\4.1.45.Final\netty-resolver-4.1.45.Final.jar;C:\Windows\system32\config\systemprofile\.m2\repository\io\netty\netty-transport\4.1.45.Final\netty-transport-4.1.45.Final.jar;C:\Windows\system32\config\systemprofile\.m2\repository\org\apache\ant\ant\1.9.7\ant-1.9.7.jar;C:\Windows\system32\config\systemprofile\.m2\repository\org\apache\ant\ant-launcher\1.9.7\ant-launcher-1.9.7.jar;C:\Windows\system32\config\systemprofile\.m2\repository\com\sikulix\sikulix2tigervnc\1.1.4\sikulix2tigervnc-1.1.4.jar;C:\Windows\system32\config\systemprofile\.m2\repository\org\openpnp\opencv\4.3.0-3\opencv-4.3.0-3.jar;C:\Windows\system32\config\systemprofile\.m2\repository\commons-cli\commons-cli\1.4\commons-cli-1.4.jar;C:\Windows\system32\config\systemprofile\.m2\repository\net\oneandone\reflections8\reflections8\0.11.6\reflections8-0.11.6.jar;C:\Windows\system32\config\systemprofile\.m2\repository\org\javassist\javassist\3.22.0-GA\javassist-3.22.0-GA.jar;C:\Windows\system32\config\systemprofile\.m2\repository\org\slf4j\slf4j-nop\1.7.28\slf4j-nop-1.7.28.jar;C:\Windows\system32\config\systemprofile\.m2\repository\net\sf\py4j\py4j\0.10.9.1\py4j-0.10.9.1.jar;C:\Windows\system32\config\systemprofile\.m2\repository\com\opencsv\opencsv\5.5.2\opencsv-5.5.2.jar;C:\Windows\system32\config\systemprofile\.m2\repository\javax\activation\activation\1.1.1\activation-1.1.1.jar;"/>
    <property name="sun.cpu.endian" value="little"/>
    <property name="user.home" value="C:\Windows\system32\config\systemprofile"/>
    <property name="user.language" value="en"/>
    <property name="java.specification.vendor" value="Oracle Corporation"/>
    <property name="java.version.date" value="2022-04-19"/>
    <property name="java.home" value="C:\Program Files\Java\jdk-18.0.1"/>
    <property name="file.separator" value="\"/>
    <property name="basedir" value="D:\07_11\Optibox"/>
    <property name="java.vm.compressedOopsMode" value="Zero based"/>
    <property name="line.separator" value="&#10;"/>
    <property name="java.vm.specification.vendor" value="Oracle Corporation"/>
    <property name="java.specification.name" value="Java Platform API Specification"/>
    <property name="surefire.real.class.path" value="C:\Windows\Temp\surefire6843774420801424267\surefirebooter-20241112132856186_3.jar"/>
    <property name="user.script" value=""/>
    <property name="sun.management.compiler" value="HotSpot 64-Bit Tiered Compilers"/>
    <property name="java.runtime.version" value="18.0.1+10-24"/>
    <property name="user.name" value="DESKTOP-HERP98R$"/>
    <property name="path.separator" value=";"/>
    <property name="os.version" value="10.0"/>
    <property name="java.runtime.name" value="Java(TM) SE Runtime Environment"/>
    <property name="file.encoding" value="UTF-8"/>
    <property name="java.vm.name" value="Java HotSpot(TM) 64-Bit Server VM"/>
    <property name="localRepository" value="C:\Windows\system32\config\systemprofile\.m2\repository"/>
    <property name="java.vendor.url.bug" value="https://bugreport.java.com/bugreport/"/>
    <property name="java.io.tmpdir" value="C:\Windows\TEMP\"/>
    <property name="java.version" value="18.0.1"/>
    <property name="user.dir" value="D:\07_11\Optibox"/>
    <property name="os.arch" value="amd64"/>
    <property name="java.vm.specification.name" value="Java Virtual Machine Specification"/>
    <property name="sun.os.patch.level" value=""/>
    <property name="native.encoding" value="Cp1252"/>
    <property name="java.library.path" value="C:\Program Files\Java\jdk-18.0.1\bin;C:\Windows\Sun\Java\bin;C:\Windows\system32;C:\Windows;C:\Program Files\Common Files\Oracle\Java\javapath;C:\Program Files (x86)\Common Files\Oracle\Java\javapath;C:\Windows\system32;C:\Windows;C:\Windows\System32\Wbem;C:\Windows\System32\WindowsPowerShell\v1.0\;C:\Windows\System32\OpenSSH\;C:\Program Files\Java\jdk-18.0.1\bin;C:\Program Files (x86)\Java\jre-1.8\bin;C:\Users\RBT\Downloads\apache-maven-3.9.6\bin;C:\Program Files\Git\cmd;C:\Program Files\dotnet\;C:\Program Files\nodejs\;C:\Windows\system32\config\systemprofile\AppData\Local\Microsoft\WindowsApps;."/>
    <property name="java.vm.info" value="mixed mode, sharing"/>
    <property name="java.vendor" value="Oracle Corporation"/>
    <property name="java.vm.version" value="18.0.1+10-24"/>
    <property name="sun.io.unicode.encoding" value="UnicodeLittle"/>
    <property name="java.class.version" value="62.0"/>
  </properties>
  <testcase name="ERO_Routing_Scenario33_TC286_328" classname="commonMethods.Testcases" time="7.904">
    <system-out><![CDATA[[TestNGContentHandler] [WARN] It is strongly recommended to add "<!DOCTYPE suite SYSTEM "http://testng.org/testng-1.0.dtd" >" at the top of your file, otherwise TestNG may fail or not work as expected.
Test Case 1 Data: [https://svm-ero.solverminds.net/]
Test Case 1 Data: [1]
13:29:05.442 [main] INFO  i.g.bonigarcia.wdm.WebDriverManager - Using chromedriver 130.0.6723.116 (resolved driver for Chrome 130)
13:29:05.468 [main] INFO  i.g.bonigarcia.wdm.WebDriverManager - Exporting webdriver.chrome.driver as C:\Windows\system32\config\systemprofile\.cache\selenium\chromedriver\win64\130.0.6723.116\chromedriver.exe
Chrome Browser launched...
Element ''Sign In button '' is present on the screen and the element is clicked
Test execution completed
Test execution completed
******************Script Execution completed******************
total no = 1
No of passed case :1
Passed Datasets:
_Dataset 1 passed in environment: https://svm-ero.solverminds.net/
No of failed case :0
Failed Datasets:
]]></system-out>
    <system-err><![CDATA[SLF4J: Class path contains multiple SLF4J bindings.
SLF4J: Found binding in [jar:file:/C:/Windows/system32/config/systemprofile/.m2/repository/ch/qos/logback/logback-classic/1.2.3/logback-classic-1.2.3.jar!/org/slf4j/impl/StaticLoggerBinder.class]
SLF4J: Found binding in [jar:file:/C:/Windows/system32/config/systemprofile/.m2/repository/org/slf4j/slf4j-nop/1.7.28/slf4j-nop-1.7.28.jar!/org/slf4j/impl/StaticLoggerBinder.class]
SLF4J: See http://www.slf4j.org/codes.html#multiple_bindings for an explanation.
SLF4J: Actual binding is of type [ch.qos.logback.classic.util.ContextSelectorStaticBinder]
Starting ChromeDriver 130.0.6723.116 (6ac35f94ae3d01152cf1946c896b0678e48f8ec4-refs/branch-heads/6723@{#1764}) on port 32695
Only local connections are allowed.
Please see https://chromedriver.chromium.org/security-considerations for suggestions on keeping ChromeDriver safe.
ChromeDriver was started successfully on port 32695.
Nov 12, 2024 1:29:06 PM org.openqa.selenium.remote.ProtocolHandshake createSession
INFO: Detected dialect: W3C
log4j:WARN No appenders could be found for logger (freemarker.cache).
log4j:WARN Please initialize the log4j system properly.
log4j:WARN See http://logging.apache.org/log4j/1.2/faq.html#noconfig for more info.
]]></system-err>
  </testcase>
</testsuite>