<?xml version="1.0" encoding="UTF-8"?>
<!-- Generated by org.testng.reporters.JUnitReportReporter -->
<testsuite hostname="DESKTOP-HERP98R" failures="0" tests="1" name="commonMethods.Testcases" time="79.306" errors="0" timestamp="2024-07-11T14:38:13 IST" skipped="0">
  <testcase classname="commonMethods.Testcases" name="TS002_DeficitandSurplusLocationId" time="79.306"/>
  <system-out>
    <![CDATA[STEP1
STEP2]]>
  </system-out>
</testsuite> <!-- commonMethods.Testcases -->
