<?xml version="1.0" encoding="UTF-8"?>
<!-- Generated by org.testng.reporters.JUnitReportReporter -->
<testsuite hostname="DESKTOP-HERP98R" failures="0" tests="1" name="commonMethods.Testcases" time="307.701" errors="0" timestamp="2024-11-27T16:57:02 IST" skipped="0">
  <testcase classname="commonMethods.Testcases" name="TS002toTS004_DeficitandSurplusLocationId_TC15to41" time="307.701"/>
  <system-out/>
</testsuite> <!-- commonMethods.Testcases -->
