<?xml version="1.0" encoding="UTF-8"?>
<!-- Generated by org.testng.reporters.JUnitReportReporter -->
<testsuite hostname="DESKTOP-HERP98R" failures="0" tests="1" name="commonMethods.Testcases" time="7.903" errors="0" timestamp="12 Nov 2024 07:59:17 GMT">
  <testcase classname="commonMethods.Testcases" name="ERO_Routing_Scenario33_TC286_328" time="7.903"/>
</testsuite> <!-- commonMethods.Testcases -->
